[debug] [2018-03-14T22:19:39.613Z] ----------------------------------------------------------------------
[debug] [2018-03-14T22:19:39.617Z] Command:       C:\Program Files\nodejs\node.exe C:\Users\mccrea_ka\AppData\Roaming\npm\node_modules\firebase-tools\bin\firebase serve
[debug] [2018-03-14T22:19:39.617Z] CLI Version:   3.17.6
[debug] [2018-03-14T22:19:39.617Z] Platform:      win32
[debug] [2018-03-14T22:19:39.617Z] Node Version:  v6.11.4
[debug] [2018-03-14T22:19:39.618Z] Time:          Wed Mar 14 2018 15:19:39 GMT-0700 (Pacific Daylight Time)
[debug] [2018-03-14T22:19:39.618Z] ----------------------------------------------------------------------
[debug] 
[debug] [2018-03-14T22:19:39.635Z] > command requires scopes: ["email","openid","https://www.googleapis.com/auth/cloudplatformprojects.readonly","https://www.googleapis.com/auth/firebase","https://www.googleapis.com/auth/cloud-platform"]
[debug] [2018-03-14T22:19:39.636Z] > authorizing via signed-in user
[debug] [2018-03-14T22:19:39.638Z] >>> HTTP REQUEST GET https://admin.firebase.com/v1/projects/opes-e9bf7  
  
 Wed Mar 14 2018 15:19:39 GMT-0700 (Pacific Daylight Time)
[debug] [2018-03-14T22:19:40.140Z] <<< HTTP RESPONSE 200
[debug] [2018-03-14T22:19:40.141Z] >>> HTTP REQUEST GET https://admin.firebase.com/v1/database/opes-e9bf7/tokens  
  
 Wed Mar 14 2018 15:19:40 GMT-0700 (Pacific Daylight Time)
[debug] [2018-03-14T22:19:40.665Z] <<< HTTP RESPONSE 200
[debug] [2018-03-14T22:19:40.666Z] >>> HTTP REQUEST GET https://cloudresourcemanager.googleapis.com/v1/projects/opes-e9bf7  
  
 Wed Mar 14 2018 15:19:40 GMT-0700 (Pacific Daylight Time)
[debug] [2018-03-14T22:19:41.157Z] <<< HTTP RESPONSE 200
[info] 
[info] === Serving from 'C:\Users\mccrea_ka\Desktop\opes'...
[info] 
[debug] [2018-03-14T22:19:41.164Z] >>> HTTP REQUEST GET https://mobilesdk-pa.googleapis.com/v1/projects/93679273024/clients/_:getWebAppConfig  
  
 Wed Mar 14 2018 15:19:41 GMT-0700 (Pacific Daylight Time)
[debug] [2018-03-14T22:19:41.463Z] <<< HTTP RESPONSE 200
[info] i  hosting: Serving hosting files from: public
[info] +  hosting: Local server: http://localhost:5000

